#
# There is insufficient memory for the Java Runtime Environment to continue.
# Native memory allocation (malloc) failed to allocate 1048576 bytes for AllocateHeap
# Possible reasons:
#   The system is out of physical RAM or swap space
#   The process is running with CompressedOops enabled, and the Java Heap may be blocking the growth of the native heap
# Possible solutions:
#   Reduce memory load on the system
#   Increase physical memory or swap space
#   Check if swap backing store is full
#   Decrease Java heap size (-Xmx/-Xms)
#   Decrease number of Java threads
#   Decrease Java thread stack sizes (-Xss)
#   Set larger code cache with -XX:ReservedCodeCacheSize=
#   JVM is running with Unscaled Compressed Oops mode in which the Java heap is
#     placed in the first 4GB address space. The Java Heap base address is the
#     maximum limit for the native heap growth. Please use -XX:HeapBaseMinAddress
#     to set the Java Heap base and to place the Java Heap above 4GB virtual address.
# This output file may be truncated or incomplete.
#
#  Out of Memory Error (allocation.cpp:44), pid=3152, tid=5336
#
# JRE version:  (21.0.5+9) (build )
# Java VM: Java HotSpot(TM) 64-Bit Server VM (21.0.5+9-LTS-239, mixed mode, sharing, tiered, compressed oops, compressed class ptrs, g1 gc, windows-amd64)
# No core dump will be written. Minidumps are not enabled by default on client versions of Windows
#

---------------  S U M M A R Y ------------

Command Line: -Dfile.encoding=UTF-8 --enable-preview --module-path=C:\Users\Admin\Desktop\video till part 9\Travel Management System\Travel Management System\build\classes travel.management.system.Dashboard

Host: Intel(R) Core(TM) i5-8265U CPU @ 1.60GHz, 8 cores, 7G,  Windows 10 , 64 bit Build 19041 (10.0.19041.5198)
Time: Thu Jan 30 00:10:29 2025 Sri Lanka Standard Time elapsed time: 0.007992 seconds (0d 0h 0m 0s)

---------------  T H R E A D  ---------------

Current thread (0x000001f611e31ee0):  JavaThread "Unknown thread" [_thread_in_vm, id=5336, stack(0x00000014ce300000,0x00000014ce400000) (1024K)]

Stack: [0x00000014ce300000,0x00000014ce400000]
Native frames: (J=compiled Java code, j=interpreted, Vv=VM code, C=native code)
V  [jvm.dll+0x6ca289]
V  [jvm.dll+0x854a51]
V  [jvm.dll+0x856f7e]
V  [jvm.dll+0x857653]
V  [jvm.dll+0x27dd26]
V  [jvm.dll+0xbf7d7]
V  [jvm.dll+0x325765]
V  [jvm.dll+0x81dddd]
V  [jvm.dll+0x3ba7c1]
V  [jvm.dll+0x807168]
V  [jvm.dll+0x44f96e]
V  [jvm.dll+0x451561]
C  [jli.dll+0x52a3]
C  [ucrtbase.dll+0x21bb2]
C  [KERNEL32.DLL+0x17374]
C  [ntdll.dll+0x4cc91]


---------------  P R O C E S S  ---------------

Threads class SMR info:
_java_thread_list=0x00007ff99733ac08, length=0, elements={
}

Java Threads: ( => current thread )
Total: 0

Other Threads:

=>0x000001f611e31ee0 (exited) JavaThread "Unknown thread"    [_thread_in_vm, id=5336, stack(0x00000014ce300000,0x00000014ce400000) (1024K)]
Total: 1

Threads with active compile tasks:
Total: 0

VM state: not at safepoint (not fully initialized)

VM Mutex/Monitor currently owned by a thread: None

Heap address: 0x0000000000000000, size: 0 MB, Compressed Oops mode: 32-bit

CDS archive(s) mapped at: [0x0000000000000000-0x0000000000000000-0x0000000000000000), size 0, SharedBaseAddress: 0x0000000800000000, ArchiveRelocationMode: 1.
Narrow klass base: 0x0000000000000000, Narrow klass shift: 0, Narrow klass range: 0x0

GC Precious Log:
 CardTable entry size: 512
 Card Set container configuration: InlinePtr #cards 5 size 8 Array Of Cards #cards 12 size 40 Howl #buckets 4 coarsen threshold 1843 Howl Bitmap #cards 512 size 80 coarsen threshold 460 Card regions per heap region 1 cards per card region 2048

GC Heap History (0 events):
No events

Dll operation events (1 events):
Event: 0.006 Loaded shared library C:\Program Files\Java\jdk-21\bin\java.dll

Deoptimization events (0 events):
No events

Classes loaded (0 events):
No events

Classes unloaded (0 events):
No events

Classes redefined (0 events):
No events

Internal exceptions (0 events):
No events

ZGC Phase Switch (0 events):
No events

VM Operations (0 events):
No events

Events (0 events):
No events


Dynamic libraries:
0x00007ff735df0000 - 0x00007ff735e00000 	C:\Program Files\Java\jdk-21\bin\java.exe
0x00007ff9ec430000 - 0x00007ff9ec628000 	C:\Windows\SYSTEM32\ntdll.dll
0x00007ff9ea9b0000 - 0x00007ff9eaa72000 	C:\Windows\System32\KERNEL32.DLL
0x00007ff9ea070000 - 0x00007ff9ea36e000 	C:\Windows\System32\KERNELBASE.dll
0x00007ff9e9ad0000 - 0x00007ff9e9bd0000 	C:\Windows\System32\ucrtbase.dll
0x00007ff9e1e90000 - 0x00007ff9e1eab000 	C:\Program Files\Java\jdk-21\bin\VCRUNTIME140.dll
0x00007ff9d0eb0000 - 0x00007ff9d0ec9000 	C:\Program Files\Java\jdk-21\bin\jli.dll
0x00007ff9eafd0000 - 0x00007ff9eb081000 	C:\Windows\System32\ADVAPI32.dll
0x00007ff9eb560000 - 0x00007ff9eb5fe000 	C:\Windows\System32\msvcrt.dll
0x00007ff9eb3f0000 - 0x00007ff9eb48f000 	C:\Windows\System32\sechost.dll
0x00007ff9ea850000 - 0x00007ff9ea973000 	C:\Windows\System32\RPCRT4.dll
0x00007ff9e9bd0000 - 0x00007ff9e9bf7000 	C:\Windows\System32\bcrypt.dll
0x00007ff9ead80000 - 0x00007ff9eaf1d000 	C:\Windows\System32\USER32.dll
0x00007ff9ea420000 - 0x00007ff9ea442000 	C:\Windows\System32\win32u.dll
0x00007ff9d7c50000 - 0x00007ff9d7eea000 	C:\Windows\WinSxS\amd64_microsoft.windows.common-controls_6595b64144ccf1df_6.0.19041.4355_none_60b8b9eb71f62e16\COMCTL32.dll
0x00007ff9ea980000 - 0x00007ff9ea9ab000 	C:\Windows\System32\GDI32.dll
0x00007ff9e9df0000 - 0x00007ff9e9f07000 	C:\Windows\System32\gdi32full.dll
0x00007ff9e9c00000 - 0x00007ff9e9c9d000 	C:\Windows\System32\msvcp_win.dll
0x00007ff9e0f60000 - 0x00007ff9e0f6a000 	C:\Windows\SYSTEM32\VERSION.dll
0x00007ff9ea450000 - 0x00007ff9ea47f000 	C:\Windows\System32\IMM32.DLL
0x00007ff9e1e40000 - 0x00007ff9e1e4c000 	C:\Program Files\Java\jdk-21\bin\vcruntime140_1.dll
0x00007ff9a23e0000 - 0x00007ff9a246e000 	C:\Program Files\Java\jdk-21\bin\msvcp140.dll
0x00007ff996770000 - 0x00007ff997488000 	C:\Program Files\Java\jdk-21\bin\server\jvm.dll
0x00007ff9eba70000 - 0x00007ff9ebadb000 	C:\Windows\System32\WS2_32.dll
0x00007ff9e9060000 - 0x00007ff9e90ab000 	C:\Windows\SYSTEM32\POWRPROF.dll
0x00007ff9d7c00000 - 0x00007ff9d7c27000 	C:\Windows\SYSTEM32\WINMM.dll
0x00007ff9e8ed0000 - 0x00007ff9e8ee2000 	C:\Windows\SYSTEM32\UMPDC.dll
0x00007ff9e82f0000 - 0x00007ff9e8302000 	C:\Windows\SYSTEM32\kernel.appcore.dll
0x00007ff9e02d0000 - 0x00007ff9e02da000 	C:\Program Files\Java\jdk-21\bin\jimage.dll
0x00007ff9e46b0000 - 0x00007ff9e4894000 	C:\Windows\SYSTEM32\DBGHELP.DLL
0x00007ff9de970000 - 0x00007ff9de9a4000 	C:\Windows\SYSTEM32\dbgcore.DLL
0x00007ff9e9d60000 - 0x00007ff9e9de2000 	C:\Windows\System32\bcryptPrimitives.dll
0x00007ff9e0d10000 - 0x00007ff9e0d2f000 	C:\Program Files\Java\jdk-21\bin\java.dll

dbghelp: loaded successfully - version: 4.0.5 - missing functions: none
symbol engine: initialized successfully - sym options: 0x614 - pdb path: .;C:\Program Files\Java\jdk-21\bin;C:\Windows\SYSTEM32;C:\Windows\WinSxS\amd64_microsoft.windows.common-controls_6595b64144ccf1df_6.0.19041.4355_none_60b8b9eb71f62e16;C:\Program Files\Java\jdk-21\bin\server

VM Arguments:
jvm_args: -Dfile.encoding=UTF-8 --enable-preview --module-path=C:\Users\Admin\Desktop\video till part 9\Travel Management System\Travel Management System\build\classes 
java_command: travel.management.system.Dashboard
java_class_path (initial): C:\Users\Admin\Downloads\mysql-connector-java-8.0.28.jar;C:\Users\Admin\Desktop\video till part 9\Travel Management System\Travel Management System\build\classes
Launcher Type: SUN_STANDARD

[Global flags]
     intx CICompilerCount                          = 4                                         {product} {ergonomic}
     uint ConcGCThreads                            = 2                                         {product} {ergonomic}
     uint G1ConcRefinementThreads                  = 8                                         {product} {ergonomic}
   size_t G1HeapRegionSize                         = 1048576                                   {product} {ergonomic}
    uintx GCDrainStackTargetSize                   = 64                                        {product} {ergonomic}
   size_t InitialHeapSize                          = 132120576                                 {product} {ergonomic}
   size_t MarkStackSize                            = 4194304                                   {product} {ergonomic}
   size_t MaxHeapSize                              = 2109734912                                {product} {ergonomic}
   size_t MinHeapDeltaBytes                        = 1048576                                   {product} {ergonomic}
   size_t MinHeapSize                              = 8388608                                   {product} {ergonomic}
    uintx NonNMethodCodeHeapSize                   = 5839372                                {pd product} {ergonomic}
    uintx NonProfiledCodeHeapSize                  = 122909434                              {pd product} {ergonomic}
    uintx ProfiledCodeHeapSize                     = 122909434                              {pd product} {ergonomic}
    uintx ReservedCodeCacheSize                    = 251658240                              {pd product} {ergonomic}
     bool SegmentedCodeCache                       = true                                      {product} {ergonomic}
   size_t SoftMaxHeapSize                          = 2109734912                             {manageable} {ergonomic}
     bool UseCompressedOops                        = true                           {product lp64_product} {ergonomic}
     bool UseG1GC                                  = true                                      {product} {ergonomic}
     bool UseLargePagesIndividualAllocation        = false                                  {pd product} {ergonomic}

Logging:
Log output configuration:
 #0: stdout all=warning uptime,level,tags foldmultilines=false
 #1: stderr all=off uptime,level,tags foldmultilines=false

Environment Variables:
JAVA_HOME=C:\Program Files\Java\jdk-21
PATH=C:\Program Files\Common Files\Oracle\Java\javapath;C:\Windows\system32;C:\Windows;C:\Windows\System32\Wbem;C:\Windows\System32\WindowsPowerShell\v1.0\;C:\Windows\System32\OpenSSH\;C:\Program Files\Intel\WiFi\bin\;C:\Program Files\Common Files\Intel\WirelessCommon\;C:\Program Files\NVIDIA Corporation\NVIDIA NvDLISR;C:\Program Files (x86)\Microsoft SQL Server\160\DTS\Binn\;E:\xamp\php;C:\ProgramData\ComposerSetup\bin;C:\Program Files\Git\cmd;C:\Program Files\Java\jdk-21\bin;C:\Program Files\apache-maven-3.9.9\bin;C:\Program Files\nodejs\;C:\Program Files\MySQL\MySQL Shell 8.0\bin\;C:\Users\Admin\AppData\Local\Programs\Python\Launcher\;C:\Users\Admin\AppData\Local\Microsoft\WindowsApps;C:\Users\Admin\AppData\Local\Programs\Microsoft VS Code\bin;C:\Program Files\Azure Data Studio\bin;C:\Users\Admin\AppData\Roaming\Composer\vendor\bin;C:\Users\Admin\AppData\Roaming\npm
USERNAME=Admin
OS=Windows_NT
PROCESSOR_IDENTIFIER=Intel64 Family 6 Model 142 Stepping 12, GenuineIntel
TMP=C:\Users\Admin\AppData\Local\Temp
TEMP=C:\Users\Admin\AppData\Local\Temp




Periodic native trim disabled

---------------  S Y S T E M  ---------------

OS:
 Windows 10 , 64 bit Build 19041 (10.0.19041.5198)
OS uptime: 18 days 6:14 hours

CPU: total 8 (initial active 8) (4 cores per cpu, 2 threads per core) family 6 model 142 stepping 12 microcode 0xde, cx8, cmov, fxsr, ht, mmx, 3dnowpref, sse, sse2, sse3, ssse3, sse4.1, sse4.2, popcnt, lzcnt, tsc, tscinvbit, avx, avx2, aes, erms, clmul, bmi1, bmi2, adx, fma, vzeroupper, clflush, clflushopt, rdtscp, f16c
Processor Information for all 8 processors :
  Max Mhz: 1800, Current Mhz: 1600, Mhz Limit: 1584

Memory: 4k page, system-wide physical 8043M (833M free)
TotalPageFile size 23304M (AvailPageFile size 5M)
current process WorkingSet (physical memory assigned to process): 9M, peak: 9M
current process commit charge ("private bytes"): 14M, peak: 15M

vm_info: Java HotSpot(TM) 64-Bit Server VM (21.0.5+9-LTS-239) for windows-amd64 JRE (21.0.5+9-LTS-239), built on 2024-09-30T05:17:38Z by "mach5one" with MS VC++ 17.6 (VS2022)

END.
